[Time: 2012-12-27 23:23:39,977] [Thread: LWJGL Renderer Thread] [Level: INFO]El tiempo de coloringImage() es :662 miliseg
[Time: 2012-12-27 23:23:40,488] [Thread: LWJGL Renderer Thread] [Level: INFO]El tiempo de pasteImage() es : 232 miliseg
[Time: 2012-12-27 23:23:41,030] [Thread: LWJGL Renderer Thread] [Level: INFO]El tiempo de coloringImage() es :525 miliseg
[Time: 2012-12-27 23:23:41,367] [Thread: LWJGL Renderer Thread] [Level: INFO]El tiempo de pasteImage() es : 188 miliseg
[Time: 2012-12-27 23:23:41,904] [Thread: LWJGL Renderer Thread] [Level: INFO]El tiempo de coloringImage() es :492 miliseg
[Time: 2012-12-27 23:23:42,252] [Thread: LWJGL Renderer Thread] [Level: INFO]El tiempo de pasteImage() es : 218 miliseg
[Time: 2012-12-27 23:23:47,798] [Thread: LWJGL Renderer Thread] [Level: INFO]El tiempo de coloringImage() es :576 miliseg
[Time: 2012-12-27 23:23:48,130] [Thread: LWJGL Renderer Thread] [Level: INFO]El tiempo de pasteImage() es : 194 miliseg
[Time: 2012-12-29 17:45:07,512] [Thread: LWJGL Renderer Thread] [Level: INFO]El tiempo de coloringImage() es :1309 miliseg
[Time: 2012-12-29 17:45:08,628] [Thread: LWJGL Renderer Thread] [Level: INFO]El tiempo de pasteImage() es : 454 miliseg
[Time: 2012-12-29 17:45:09,651] [Thread: LWJGL Renderer Thread] [Level: INFO]El tiempo de coloringImage() es :970 miliseg
[Time: 2012-12-29 17:45:10,631] [Thread: LWJGL Renderer Thread] [Level: INFO]El tiempo de pasteImage() es : 636 miliseg
[Time: 2012-12-29 17:45:11,594] [Thread: LWJGL Renderer Thread] [Level: INFO]El tiempo de coloringImage() es :845 miliseg
[Time: 2012-12-29 17:45:12,129] [Thread: LWJGL Renderer Thread] [Level: INFO]El tiempo de pasteImage() es : 292 miliseg
[Time: 2012-12-29 17:45:39,929] [Thread: LWJGL Renderer Thread] [Level: INFO]El tiempo de coloringImage() es :1788 miliseg
[Time: 2012-12-29 17:45:41,297] [Thread: LWJGL Renderer Thread] [Level: INFO]El tiempo de pasteImage() es : 802 miliseg
[Time: 2012-12-29 17:47:07,305] [Thread: LWJGL Renderer Thread] [Level: INFO]El tiempo de coloringImage() es :1266 miliseg
[Time: 2012-12-29 17:47:08,927] [Thread: LWJGL Renderer Thread] [Level: INFO]El tiempo de pasteImage() es : 981 miliseg
[Time: 2012-12-29 17:47:10,649] [Thread: LWJGL Renderer Thread] [Level: INFO]El tiempo de coloringImage() es :1622 miliseg
[Time: 2012-12-29 17:47:12,432] [Thread: LWJGL Renderer Thread] [Level: INFO]El tiempo de pasteImage() es : 1190 miliseg
[Time: 2012-12-29 17:47:13,927] [Thread: LWJGL Renderer Thread] [Level: INFO]El tiempo de coloringImage() es :1328 miliseg
[Time: 2012-12-29 17:47:14,935] [Thread: LWJGL Renderer Thread] [Level: INFO]El tiempo de pasteImage() es : 527 miliseg
[Time: 2012-12-29 17:49:19,193] [Thread: LWJGL Renderer Thread] [Level: INFO]El tiempo de coloringImage() es :1287 miliseg
[Time: 2012-12-29 17:49:20,256] [Thread: LWJGL Renderer Thread] [Level: INFO]El tiempo de pasteImage() es : 486 miliseg
[Time: 2012-12-29 17:49:21,236] [Thread: LWJGL Renderer Thread] [Level: INFO]El tiempo de coloringImage() es :924 miliseg
[Time: 2012-12-29 17:49:22,261] [Thread: LWJGL Renderer Thread] [Level: INFO]El tiempo de pasteImage() es : 701 miliseg
[Time: 2012-12-29 17:49:23,118] [Thread: LWJGL Renderer Thread] [Level: INFO]El tiempo de coloringImage() es :770 miliseg
[Time: 2012-12-29 17:49:23,628] [Thread: LWJGL Renderer Thread] [Level: INFO]El tiempo de pasteImage() es : 263 miliseg
[Time: 2012-12-29 17:52:57,591] [Thread: LWJGL Renderer Thread] [Level: INFO]El tiempo de coloringImage() es :1481 miliseg
[Time: 2012-12-29 17:52:59,637] [Thread: LWJGL Renderer Thread] [Level: INFO]El tiempo de pasteImage() es : 915 miliseg
[Time: 2012-12-29 17:53:01,341] [Thread: LWJGL Renderer Thread] [Level: INFO]El tiempo de coloringImage() es :1662 miliseg
[Time: 2012-12-29 17:53:03,277] [Thread: LWJGL Renderer Thread] [Level: INFO]El tiempo de pasteImage() es : 1354 miliseg
[Time: 2012-12-29 17:53:04,841] [Thread: LWJGL Renderer Thread] [Level: INFO]El tiempo de coloringImage() es :1397 miliseg
[Time: 2012-12-29 17:53:05,861] [Thread: LWJGL Renderer Thread] [Level: INFO]El tiempo de pasteImage() es : 533 miliseg
[Time: 2012-12-29 18:04:37,940] [Thread: LWJGL Renderer Thread] [Level: INFO]El tiempo de coloringImage() es :2370 miliseg
[Time: 2012-12-29 18:04:40,071] [Thread: LWJGL Renderer Thread] [Level: INFO]El tiempo de pasteImage() es : 1004 miliseg
[Time: 2012-12-29 18:04:41,735] [Thread: LWJGL Renderer Thread] [Level: INFO]El tiempo de coloringImage() es :1563 miliseg
[Time: 2012-12-29 18:04:43,067] [Thread: LWJGL Renderer Thread] [Level: INFO]El tiempo de pasteImage() es : 778 miliseg
[Time: 2012-12-29 18:04:45,189] [Thread: LWJGL Renderer Thread] [Level: INFO]El tiempo de coloringImage() es :1380 miliseg
[Time: 2012-12-29 18:04:46,293] [Thread: LWJGL Renderer Thread] [Level: INFO]El tiempo de pasteImage() es : 619 miliseg
[Time: 2012-12-29 18:06:49,287] [Thread: LWJGL Renderer Thread] [Level: INFO]El tiempo de coloringImage() es :1282 miliseg
[Time: 2012-12-29 18:06:51,361] [Thread: LWJGL Renderer Thread] [Level: INFO]El tiempo de pasteImage() es : 1104 miliseg
[Time: 2012-12-29 18:06:53,026] [Thread: LWJGL Renderer Thread] [Level: INFO]El tiempo de coloringImage() es :1620 miliseg
[Time: 2012-12-29 18:06:54,928] [Thread: LWJGL Renderer Thread] [Level: INFO]El tiempo de pasteImage() es : 1329 miliseg
[Time: 2012-12-29 18:06:56,468] [Thread: LWJGL Renderer Thread] [Level: INFO]El tiempo de coloringImage() es :1373 miliseg
[Time: 2012-12-29 18:06:57,458] [Thread: LWJGL Renderer Thread] [Level: INFO]El tiempo de pasteImage() es : 522 miliseg
[Time: 2012-12-29 18:12:33,790] [Thread: LWJGL Renderer Thread] [Level: INFO]El tiempo de coloringImage() es :2184 miliseg
[Time: 2012-12-29 18:12:35,758] [Thread: LWJGL Renderer Thread] [Level: INFO]El tiempo de pasteImage() es : 886 miliseg
[Time: 2012-12-29 18:12:37,444] [Thread: LWJGL Renderer Thread] [Level: INFO]El tiempo de coloringImage() es :1651 miliseg
[Time: 2012-12-29 18:12:38,720] [Thread: LWJGL Renderer Thread] [Level: INFO]El tiempo de pasteImage() es : 708 miliseg
[Time: 2012-12-29 18:12:40,197] [Thread: LWJGL Renderer Thread] [Level: INFO]El tiempo de coloringImage() es :1311 miliseg
[Time: 2012-12-29 18:12:41,189] [Thread: LWJGL Renderer Thread] [Level: INFO]El tiempo de pasteImage() es : 516 miliseg
[Time: 2012-12-29 18:18:06,981] [Thread: LWJGL Renderer Thread] [Level: INFO]El tiempo de coloringImage() es :2348 miliseg
[Time: 2012-12-29 18:18:08,950] [Thread: LWJGL Renderer Thread] [Level: INFO]El tiempo de pasteImage() es : 828 miliseg
[Time: 2012-12-29 18:18:11,025] [Thread: LWJGL Renderer Thread] [Level: INFO]El tiempo de coloringImage() es :2010 miliseg
[Time: 2012-12-29 18:18:12,335] [Thread: LWJGL Renderer Thread] [Level: INFO]El tiempo de pasteImage() es : 730 miliseg
[Time: 2012-12-29 18:18:13,836] [Thread: LWJGL Renderer Thread] [Level: INFO]El tiempo de coloringImage() es :1329 miliseg
[Time: 2012-12-29 18:18:14,838] [Thread: LWJGL Renderer Thread] [Level: INFO]El tiempo de pasteImage() es : 516 miliseg
[Time: 2012-12-29 18:20:54,246] [Thread: LWJGL Renderer Thread] [Level: INFO]El tiempo de coloringImage() es :1291 miliseg
[Time: 2012-12-29 18:20:55,277] [Thread: LWJGL Renderer Thread] [Level: INFO]El tiempo de pasteImage() es : 488 miliseg
[Time: 2012-12-29 18:20:56,226] [Thread: LWJGL Renderer Thread] [Level: INFO]El tiempo de coloringImage() es :895 miliseg
[Time: 2012-12-29 18:20:56,903] [Thread: LWJGL Renderer Thread] [Level: INFO]El tiempo de pasteImage() es : 383 miliseg
[Time: 2012-12-29 18:20:58,093] [Thread: LWJGL Renderer Thread] [Level: INFO]El tiempo de coloringImage() es :1096 miliseg
[Time: 2012-12-29 18:20:58,597] [Thread: LWJGL Renderer Thread] [Level: INFO]El tiempo de pasteImage() es : 265 miliseg
[Time: 2012-12-29 18:30:04,463] [Thread: LWJGL Renderer Thread] [Level: INFO]El tiempo de coloringImage() es :2244 miliseg
[Time: 2012-12-29 18:30:06,336] [Thread: LWJGL Renderer Thread] [Level: INFO]El tiempo de pasteImage() es : 848 miliseg
[Time: 2012-12-29 18:30:08,364] [Thread: LWJGL Renderer Thread] [Level: INFO]El tiempo de coloringImage() es :1950 miliseg
[Time: 2012-12-29 18:30:09,613] [Thread: LWJGL Renderer Thread] [Level: INFO]El tiempo de pasteImage() es : 704 miliseg
[Time: 2012-12-29 18:30:11,155] [Thread: LWJGL Renderer Thread] [Level: INFO]El tiempo de coloringImage() es :1377 miliseg
[Time: 2012-12-29 18:30:12,188] [Thread: LWJGL Renderer Thread] [Level: INFO]El tiempo de pasteImage() es : 543 miliseg
[Time: 2012-12-29 18:31:33,630] [Thread: LWJGL Renderer Thread] [Level: INFO]El tiempo de coloringImage() es :2258 miliseg
[Time: 2012-12-29 18:31:35,647] [Thread: LWJGL Renderer Thread] [Level: INFO]El tiempo de pasteImage() es : 911 miliseg
[Time: 2012-12-29 18:31:37,758] [Thread: LWJGL Renderer Thread] [Level: INFO]El tiempo de coloringImage() es :2057 miliseg
[Time: 2012-12-29 18:31:39,105] [Thread: LWJGL Renderer Thread] [Level: INFO]El tiempo de pasteImage() es : 724 miliseg
[Time: 2012-12-29 18:31:40,642] [Thread: LWJGL Renderer Thread] [Level: INFO]El tiempo de coloringImage() es :1355 miliseg
[Time: 2012-12-29 18:31:41,631] [Thread: LWJGL Renderer Thread] [Level: INFO]El tiempo de pasteImage() es : 520 miliseg
[Time: 2012-12-29 18:56:07,054] [Thread: LWJGL Renderer Thread] [Level: INFO]El tiempo de coloringImage() es :2318 miliseg
[Time: 2012-12-29 18:56:09,344] [Thread: LWJGL Renderer Thread] [Level: INFO]El tiempo de pasteImage() es : 972 miliseg
[Time: 2012-12-29 18:56:11,170] [Thread: LWJGL Renderer Thread] [Level: INFO]El tiempo de coloringImage() es :1716 miliseg
[Time: 2012-12-29 18:56:12,541] [Thread: LWJGL Renderer Thread] [Level: INFO]El tiempo de pasteImage() es : 810 miliseg
[Time: 2012-12-29 18:56:14,562] [Thread: LWJGL Renderer Thread] [Level: INFO]El tiempo de coloringImage() es :1835 miliseg
[Time: 2012-12-29 18:56:15,555] [Thread: LWJGL Renderer Thread] [Level: INFO]El tiempo de pasteImage() es : 524 miliseg
[Time: 2012-12-29 18:57:47,680] [Thread: LWJGL Renderer Thread] [Level: INFO]El tiempo de coloringImage() es :2256 miliseg
[Time: 2012-12-29 18:57:49,756] [Thread: LWJGL Renderer Thread] [Level: INFO]El tiempo de pasteImage() es : 926 miliseg
[Time: 2012-12-29 18:57:51,364] [Thread: LWJGL Renderer Thread] [Level: INFO]El tiempo de coloringImage() es :1515 miliseg
[Time: 2012-12-29 18:57:52,667] [Thread: LWJGL Renderer Thread] [Level: INFO]El tiempo de pasteImage() es : 719 miliseg
[Time: 2012-12-29 18:57:54,651] [Thread: LWJGL Renderer Thread] [Level: INFO]El tiempo de coloringImage() es :1313 miliseg
[Time: 2012-12-29 18:57:55,646] [Thread: LWJGL Renderer Thread] [Level: INFO]El tiempo de pasteImage() es : 524 miliseg
[Time: 2012-12-29 18:59:22,849] [Thread: LWJGL Renderer Thread] [Level: INFO]El tiempo de coloringImage() es :2346 miliseg
[Time: 2012-12-29 18:59:24,833] [Thread: LWJGL Renderer Thread] [Level: INFO]El tiempo de pasteImage() es : 891 miliseg
[Time: 2012-12-29 18:59:26,991] [Thread: LWJGL Renderer Thread] [Level: INFO]El tiempo de coloringImage() es :2117 miliseg
[Time: 2012-12-29 18:59:28,345] [Thread: LWJGL Renderer Thread] [Level: INFO]El tiempo de pasteImage() es : 747 miliseg
[Time: 2012-12-29 18:59:29,885] [Thread: LWJGL Renderer Thread] [Level: INFO]El tiempo de coloringImage() es :1363 miliseg
[Time: 2012-12-29 18:59:30,897] [Thread: LWJGL Renderer Thread] [Level: INFO]El tiempo de pasteImage() es : 527 miliseg
[Time: 2012-12-29 19:00:39,946] [Thread: LWJGL Renderer Thread] [Level: INFO]El tiempo de coloringImage() es :2346 miliseg
[Time: 2012-12-29 19:00:42,225] [Thread: LWJGL Renderer Thread] [Level: INFO]El tiempo de pasteImage() es : 937 miliseg
[Time: 2012-12-29 19:00:43,896] [Thread: LWJGL Renderer Thread] [Level: INFO]El tiempo de coloringImage() es :1543 miliseg
[Time: 2012-12-29 19:00:45,187] [Thread: LWJGL Renderer Thread] [Level: INFO]El tiempo de pasteImage() es : 733 miliseg
[Time: 2012-12-29 19:00:46,720] [Thread: LWJGL Renderer Thread] [Level: INFO]El tiempo de coloringImage() es :1357 miliseg
[Time: 2012-12-29 19:00:47,707] [Thread: LWJGL Renderer Thread] [Level: INFO]El tiempo de pasteImage() es : 520 miliseg
[Time: 2012-12-29 19:02:40,411] [Thread: LWJGL Renderer Thread] [Level: INFO]El tiempo de coloringImage() es :2193 miliseg
[Time: 2012-12-29 19:02:42,565] [Thread: LWJGL Renderer Thread] [Level: INFO]El tiempo de pasteImage() es : 940 miliseg
[Time: 2012-12-29 19:02:44,735] [Thread: LWJGL Renderer Thread] [Level: INFO]El tiempo de coloringImage() es :2077 miliseg
[Time: 2012-12-29 19:02:45,977] [Thread: LWJGL Renderer Thread] [Level: INFO]El tiempo de pasteImage() es : 692 miliseg
[Time: 2012-12-29 19:02:47,434] [Thread: LWJGL Renderer Thread] [Level: INFO]El tiempo de coloringImage() es :1297 miliseg
[Time: 2012-12-29 19:02:48,442] [Thread: LWJGL Renderer Thread] [Level: INFO]El tiempo de pasteImage() es : 518 miliseg
[Time: 2012-12-29 19:04:12,341] [Thread: LWJGL Renderer Thread] [Level: INFO]El tiempo de coloringImage() es :2483 miliseg
[Time: 2012-12-29 19:04:14,358] [Thread: LWJGL Renderer Thread] [Level: INFO]El tiempo de pasteImage() es : 928 miliseg
[Time: 2012-12-29 19:04:16,413] [Thread: LWJGL Renderer Thread] [Level: INFO]El tiempo de coloringImage() es :2020 miliseg
[Time: 2012-12-29 19:04:17,771] [Thread: LWJGL Renderer Thread] [Level: INFO]El tiempo de pasteImage() es : 756 miliseg
[Time: 2012-12-29 19:04:19,323] [Thread: LWJGL Renderer Thread] [Level: INFO]El tiempo de coloringImage() es :1373 miliseg
[Time: 2012-12-29 19:04:20,337] [Thread: LWJGL Renderer Thread] [Level: INFO]El tiempo de pasteImage() es : 524 miliseg
[Time: 2012-12-29 19:09:08,721] [Thread: LWJGL Renderer Thread] [Level: INFO]El tiempo de coloringImage() es :2378 miliseg
[Time: 2012-12-29 19:09:10,678] [Thread: LWJGL Renderer Thread] [Level: INFO]El tiempo de pasteImage() es : 863 miliseg
[Time: 2012-12-29 19:09:12,350] [Thread: LWJGL Renderer Thread] [Level: INFO]El tiempo de coloringImage() es :1633 miliseg
[Time: 2012-12-29 19:09:13,699] [Thread: LWJGL Renderer Thread] [Level: INFO]El tiempo de pasteImage() es : 741 miliseg
[Time: 2012-12-29 19:09:15,764] [Thread: LWJGL Renderer Thread] [Level: INFO]El tiempo de coloringImage() es :1886 miliseg
[Time: 2012-12-29 19:09:16,789] [Thread: LWJGL Renderer Thread] [Level: INFO]El tiempo de pasteImage() es : 537 miliseg
[Time: 2012-12-29 19:10:34,310] [Thread: LWJGL Renderer Thread] [Level: INFO]El tiempo de coloringImage() es :2567 miliseg
[Time: 2012-12-29 19:10:36,259] [Thread: LWJGL Renderer Thread] [Level: INFO]El tiempo de pasteImage() es : 838 miliseg
[Time: 2012-12-29 19:10:38,254] [Thread: LWJGL Renderer Thread] [Level: INFO]El tiempo de coloringImage() es :1928 miliseg
[Time: 2012-12-29 19:10:39,567] [Thread: LWJGL Renderer Thread] [Level: INFO]El tiempo de pasteImage() es : 727 miliseg
[Time: 2012-12-29 19:10:41,122] [Thread: LWJGL Renderer Thread] [Level: INFO]El tiempo de coloringImage() es :1383 miliseg
[Time: 2012-12-29 19:10:42,152] [Thread: LWJGL Renderer Thread] [Level: INFO]El tiempo de pasteImage() es : 543 miliseg
[Time: 2012-12-29 19:13:26,331] [Thread: LWJGL Renderer Thread] [Level: INFO]El tiempo de coloringImage() es :2387 miliseg
[Time: 2012-12-29 19:13:28,366] [Thread: LWJGL Renderer Thread] [Level: INFO]El tiempo de pasteImage() es : 880 miliseg
[Time: 2012-12-29 19:13:30,038] [Thread: LWJGL Renderer Thread] [Level: INFO]El tiempo de coloringImage() es :1579 miliseg
[Time: 2012-12-29 19:13:31,782] [Thread: LWJGL Renderer Thread] [Level: INFO]El tiempo de pasteImage() es : 1177 miliseg
[Time: 2012-12-29 19:13:33,261] [Thread: LWJGL Renderer Thread] [Level: INFO]El tiempo de coloringImage() es :1311 miliseg
[Time: 2012-12-29 19:13:34,282] [Thread: LWJGL Renderer Thread] [Level: INFO]El tiempo de pasteImage() es : 514 miliseg
[Time: 2012-12-29 19:14:38,299] [Thread: LWJGL Renderer Thread] [Level: INFO]El tiempo de coloringImage() es :2284 miliseg
[Time: 2012-12-29 19:14:40,301] [Thread: LWJGL Renderer Thread] [Level: INFO]El tiempo de pasteImage() es : 926 miliseg
[Time: 2012-12-29 19:14:41,920] [Thread: LWJGL Renderer Thread] [Level: INFO]El tiempo de coloringImage() es :1578 miliseg
[Time: 2012-12-29 19:14:43,233] [Thread: LWJGL Renderer Thread] [Level: INFO]El tiempo de pasteImage() es : 734 miliseg
[Time: 2012-12-29 19:14:45,224] [Thread: LWJGL Renderer Thread] [Level: INFO]El tiempo de coloringImage() es :1330 miliseg
[Time: 2012-12-29 19:14:46,220] [Thread: LWJGL Renderer Thread] [Level: INFO]El tiempo de pasteImage() es : 514 miliseg
[Time: 2012-12-29 19:17:36,112] [Thread: LWJGL Renderer Thread] [Level: INFO]El tiempo de coloringImage() es :2310 miliseg
[Time: 2012-12-29 19:17:38,335] [Thread: LWJGL Renderer Thread] [Level: INFO]El tiempo de pasteImage() es : 958 miliseg
[Time: 2012-12-29 19:17:39,961] [Thread: LWJGL Renderer Thread] [Level: INFO]El tiempo de coloringImage() es :1591 miliseg
[Time: 2012-12-29 19:17:41,240] [Thread: LWJGL Renderer Thread] [Level: INFO]El tiempo de pasteImage() es : 730 miliseg
[Time: 2012-12-29 19:17:43,215] [Thread: LWJGL Renderer Thread] [Level: INFO]El tiempo de coloringImage() es :1803 miliseg
[Time: 2012-12-29 19:17:44,192] [Thread: LWJGL Renderer Thread] [Level: INFO]El tiempo de pasteImage() es : 509 miliseg
[Time: 2012-12-29 19:26:06,775] [Thread: LWJGL Renderer Thread] [Level: INFO]El tiempo de coloringImage() es :2327 miliseg
[Time: 2012-12-29 19:26:08,760] [Thread: LWJGL Renderer Thread] [Level: INFO]El tiempo de pasteImage() es : 928 miliseg
[Time: 2012-12-29 19:26:10,440] [Thread: LWJGL Renderer Thread] [Level: INFO]El tiempo de coloringImage() es :1583 miliseg
[Time: 2012-12-29 19:26:11,746] [Thread: LWJGL Renderer Thread] [Level: INFO]El tiempo de pasteImage() es : 747 miliseg
[Time: 2012-12-29 19:26:13,756] [Thread: LWJGL Renderer Thread] [Level: INFO]El tiempo de coloringImage() es :1825 miliseg
[Time: 2012-12-29 19:26:14,775] [Thread: LWJGL Renderer Thread] [Level: INFO]El tiempo de pasteImage() es : 535 miliseg
[Time: 2012-12-29 19:27:31,500] [Thread: LWJGL Renderer Thread] [Level: INFO]El tiempo de coloringImage() es :2255 miliseg
[Time: 2012-12-29 19:27:33,395] [Thread: LWJGL Renderer Thread] [Level: INFO]El tiempo de pasteImage() es : 860 miliseg
[Time: 2012-12-29 19:27:35,057] [Thread: LWJGL Renderer Thread] [Level: INFO]El tiempo de coloringImage() es :1589 miliseg
[Time: 2012-12-29 19:27:36,822] [Thread: LWJGL Renderer Thread] [Level: INFO]El tiempo de pasteImage() es : 1217 miliseg
[Time: 2012-12-29 19:27:38,338] [Thread: LWJGL Renderer Thread] [Level: INFO]El tiempo de coloringImage() es :1336 miliseg
[Time: 2012-12-29 19:27:39,338] [Thread: LWJGL Renderer Thread] [Level: INFO]El tiempo de pasteImage() es : 510 miliseg
[Time: 2012-12-29 19:30:17,592] [Thread: LWJGL Renderer Thread] [Level: INFO]El tiempo de coloringImage() es :1290 miliseg
[Time: 2012-12-29 19:30:19,463] [Thread: LWJGL Renderer Thread] [Level: INFO]El tiempo de pasteImage() es : 985 miliseg
[Time: 2012-12-29 19:30:21,101] [Thread: LWJGL Renderer Thread] [Level: INFO]El tiempo de coloringImage() es :1594 miliseg
[Time: 2012-12-29 19:30:22,425] [Thread: LWJGL Renderer Thread] [Level: INFO]El tiempo de pasteImage() es : 733 miliseg
[Time: 2012-12-29 19:30:24,453] [Thread: LWJGL Renderer Thread] [Level: INFO]El tiempo de coloringImage() es :1849 miliseg
[Time: 2012-12-29 19:30:25,477] [Thread: LWJGL Renderer Thread] [Level: INFO]El tiempo de pasteImage() es : 535 miliseg
[Time: 2012-12-29 19:31:37,750] [Thread: LWJGL Renderer Thread] [Level: INFO]El tiempo de coloringImage() es :2377 miliseg
[Time: 2012-12-29 19:31:39,720] [Thread: LWJGL Renderer Thread] [Level: INFO]El tiempo de pasteImage() es : 891 miliseg
[Time: 2012-12-29 19:31:41,382] [Thread: LWJGL Renderer Thread] [Level: INFO]El tiempo de coloringImage() es :1566 miliseg
[Time: 2012-12-29 19:31:42,732] [Thread: LWJGL Renderer Thread] [Level: INFO]El tiempo de pasteImage() es : 771 miliseg
[Time: 2012-12-29 19:31:44,862] [Thread: LWJGL Renderer Thread] [Level: INFO]El tiempo de coloringImage() es :1949 miliseg
[Time: 2012-12-29 19:31:45,883] [Thread: LWJGL Renderer Thread] [Level: INFO]El tiempo de pasteImage() es : 532 miliseg
[Time: 2012-12-29 19:33:59,496] [Thread: LWJGL Renderer Thread] [Level: INFO]El tiempo de coloringImage() es :2222 miliseg
[Time: 2012-12-29 19:34:01,669] [Thread: LWJGL Renderer Thread] [Level: INFO]El tiempo de pasteImage() es : 927 miliseg
[Time: 2012-12-29 19:34:03,307] [Thread: LWJGL Renderer Thread] [Level: INFO]El tiempo de coloringImage() es :1536 miliseg
[Time: 2012-12-29 19:34:04,622] [Thread: LWJGL Renderer Thread] [Level: INFO]El tiempo de pasteImage() es : 749 miliseg
[Time: 2012-12-29 19:34:06,440] [Thread: LWJGL Renderer Thread] [Level: INFO]El tiempo de coloringImage() es :1646 miliseg
[Time: 2012-12-29 19:34:07,438] [Thread: LWJGL Renderer Thread] [Level: INFO]El tiempo de pasteImage() es : 527 miliseg
[Time: 2012-12-29 19:34:45,097] [Thread: LWJGL Renderer Thread] [Level: INFO]El tiempo de coloringImage() es :1810 miliseg
[Time: 2012-12-29 19:34:46,435] [Thread: LWJGL Renderer Thread] [Level: INFO]El tiempo de pasteImage() es : 785 miliseg
[Time: 2012-12-29 19:34:51,998] [Thread: LWJGL Renderer Thread] [Level: INFO]El tiempo de coloringImage() es :1585 miliseg
[Time: 2012-12-29 19:34:53,305] [Thread: LWJGL Renderer Thread] [Level: INFO]El tiempo de pasteImage() es : 703 miliseg
[Time: 2012-12-29 19:34:58,619] [Thread: LWJGL Renderer Thread] [Level: INFO]El tiempo de coloringImage() es :1589 miliseg
[Time: 2012-12-29 19:34:59,909] [Thread: LWJGL Renderer Thread] [Level: INFO]El tiempo de pasteImage() es : 739 miliseg
[Time: 2012-12-29 19:37:28,897] [Thread: LWJGL Renderer Thread] [Level: INFO]El tiempo de coloringImage() es :2277 miliseg
[Time: 2012-12-29 19:37:30,902] [Thread: LWJGL Renderer Thread] [Level: INFO]El tiempo de pasteImage() es : 918 miliseg
[Time: 2012-12-29 19:37:32,592] [Thread: LWJGL Renderer Thread] [Level: INFO]El tiempo de coloringImage() es :1625 miliseg
[Time: 2012-12-29 19:37:33,948] [Thread: LWJGL Renderer Thread] [Level: INFO]El tiempo de pasteImage() es : 756 miliseg
[Time: 2012-12-29 19:37:36,009] [Thread: LWJGL Renderer Thread] [Level: INFO]El tiempo de coloringImage() es :1352 miliseg
[Time: 2012-12-29 19:37:37,063] [Thread: LWJGL Renderer Thread] [Level: INFO]El tiempo de pasteImage() es : 554 miliseg
[Time: 2012-12-29 19:40:08,053] [Thread: LWJGL Renderer Thread] [Level: INFO]El tiempo de coloringImage() es :2677 miliseg
[Time: 2012-12-29 19:40:10,387] [Thread: LWJGL Renderer Thread] [Level: INFO]El tiempo de pasteImage() es : 1020 miliseg
[Time: 2012-12-29 19:40:12,168] [Thread: LWJGL Renderer Thread] [Level: INFO]El tiempo de coloringImage() es :1728 miliseg
[Time: 2012-12-29 19:40:13,517] [Thread: LWJGL Renderer Thread] [Level: INFO]El tiempo de pasteImage() es : 743 miliseg
[Time: 2012-12-29 19:40:15,530] [Thread: LWJGL Renderer Thread] [Level: INFO]El tiempo de coloringImage() es :1319 miliseg
[Time: 2012-12-29 19:40:16,565] [Thread: LWJGL Renderer Thread] [Level: INFO]El tiempo de pasteImage() es : 536 miliseg
[Time: 2012-12-29 19:42:08,079] [Thread: LWJGL Renderer Thread] [Level: INFO]El tiempo de coloringImage() es :2253 miliseg
[Time: 2012-12-29 19:42:10,256] [Thread: LWJGL Renderer Thread] [Level: INFO]El tiempo de pasteImage() es : 987 miliseg
[Time: 2012-12-29 19:42:11,979] [Thread: LWJGL Renderer Thread] [Level: INFO]El tiempo de coloringImage() es :1619 miliseg
[Time: 2012-12-29 19:42:13,289] [Thread: LWJGL Renderer Thread] [Level: INFO]El tiempo de pasteImage() es : 734 miliseg
[Time: 2012-12-29 19:42:15,355] [Thread: LWJGL Renderer Thread] [Level: INFO]El tiempo de coloringImage() es :1355 miliseg
[Time: 2012-12-29 19:42:16,355] [Thread: LWJGL Renderer Thread] [Level: INFO]El tiempo de pasteImage() es : 526 miliseg
[Time: 2012-12-29 19:49:56,450] [Thread: LWJGL Renderer Thread] [Level: INFO]El tiempo de coloringImage() es :2431 miliseg
[Time: 2012-12-29 19:49:58,577] [Thread: LWJGL Renderer Thread] [Level: INFO]El tiempo de pasteImage() es : 1075 miliseg
[Time: 2012-12-29 19:50:00,329] [Thread: LWJGL Renderer Thread] [Level: INFO]El tiempo de coloringImage() es :1708 miliseg
[Time: 2012-12-29 19:50:02,306] [Thread: LWJGL Renderer Thread] [Level: INFO]El tiempo de pasteImage() es : 774 miliseg
[Time: 2012-12-29 19:50:03,875] [Thread: LWJGL Renderer Thread] [Level: INFO]El tiempo de coloringImage() es :1396 miliseg
[Time: 2012-12-29 19:50:04,905] [Thread: LWJGL Renderer Thread] [Level: INFO]El tiempo de pasteImage() es : 550 miliseg
[Time: 2012-12-29 19:51:43,332] [Thread: LWJGL Renderer Thread] [Level: INFO]El tiempo de coloringImage() es :2287 miliseg
[Time: 2012-12-29 19:51:45,350] [Thread: LWJGL Renderer Thread] [Level: INFO]El tiempo de pasteImage() es : 914 miliseg
[Time: 2012-12-29 19:51:47,032] [Thread: LWJGL Renderer Thread] [Level: INFO]El tiempo de coloringImage() es :1587 miliseg
[Time: 2012-12-29 19:51:48,350] [Thread: LWJGL Renderer Thread] [Level: INFO]El tiempo de pasteImage() es : 740 miliseg
[Time: 2012-12-29 19:51:50,434] [Thread: LWJGL Renderer Thread] [Level: INFO]El tiempo de coloringImage() es :1384 miliseg
[Time: 2012-12-29 19:51:51,447] [Thread: LWJGL Renderer Thread] [Level: INFO]El tiempo de pasteImage() es : 526 miliseg
[Time: 2012-12-29 20:42:04,376] [Thread: LWJGL Renderer Thread] [Level: INFO]El tiempo de coloringImage() es :4333 miliseg
[Time: 2012-12-29 20:42:06,272] [Thread: LWJGL Renderer Thread] [Level: INFO]El tiempo de pasteImage() es : 825 miliseg
[Time: 2012-12-29 20:42:07,820] [Thread: LWJGL Renderer Thread] [Level: INFO]El tiempo de coloringImage() es :1514 miliseg
[Time: 2012-12-29 20:42:09,068] [Thread: LWJGL Renderer Thread] [Level: INFO]El tiempo de pasteImage() es : 697 miliseg
[Time: 2012-12-29 20:42:11,194] [Thread: LWJGL Renderer Thread] [Level: INFO]El tiempo de coloringImage() es :1389 miliseg
[Time: 2012-12-29 20:42:12,163] [Thread: LWJGL Renderer Thread] [Level: INFO]El tiempo de pasteImage() es : 515 miliseg
[Time: 2012-12-29 20:48:22,139] [Thread: LWJGL Renderer Thread] [Level: INFO]El tiempo de coloringImage() es :2336 miliseg
[Time: 2012-12-29 20:48:24,159] [Thread: LWJGL Renderer Thread] [Level: INFO]El tiempo de pasteImage() es : 874 miliseg
[Time: 2012-12-29 20:48:26,017] [Thread: LWJGL Renderer Thread] [Level: INFO]El tiempo de coloringImage() es :1773 miliseg
[Time: 2012-12-29 20:48:27,270] [Thread: LWJGL Renderer Thread] [Level: INFO]El tiempo de pasteImage() es : 663 miliseg
[Time: 2012-12-29 20:48:29,412] [Thread: LWJGL Renderer Thread] [Level: INFO]El tiempo de coloringImage() es :1982 miliseg
[Time: 2012-12-29 20:48:30,383] [Thread: LWJGL Renderer Thread] [Level: INFO]El tiempo de pasteImage() es : 515 miliseg
[Time: 2012-12-29 21:10:06,444] [Thread: LWJGL Renderer Thread] [Level: INFO]El tiempo de coloringImage() es :2395 miliseg
[Time: 2012-12-29 21:10:08,577] [Thread: LWJGL Renderer Thread] [Level: INFO]El tiempo de pasteImage() es : 900 miliseg
[Time: 2012-12-29 21:10:10,609] [Thread: LWJGL Renderer Thread] [Level: INFO]El tiempo de coloringImage() es :1937 miliseg
[Time: 2012-12-29 21:10:11,951] [Thread: LWJGL Renderer Thread] [Level: INFO]El tiempo de pasteImage() es : 717 miliseg
[Time: 2012-12-29 21:10:13,572] [Thread: LWJGL Renderer Thread] [Level: INFO]El tiempo de coloringImage() es :1442 miliseg
[Time: 2012-12-29 21:10:14,561] [Thread: LWJGL Renderer Thread] [Level: INFO]El tiempo de pasteImage() es : 513 miliseg
[Time: 2012-12-29 21:12:54,713] [Thread: LWJGL Renderer Thread] [Level: INFO]El tiempo de coloringImage() es :2271 miliseg
[Time: 2012-12-29 21:12:56,716] [Thread: LWJGL Renderer Thread] [Level: INFO]El tiempo de pasteImage() es : 898 miliseg
[Time: 2012-12-29 21:12:58,741] [Thread: LWJGL Renderer Thread] [Level: INFO]El tiempo de coloringImage() es :1978 miliseg
[Time: 2012-12-29 21:12:59,979] [Thread: LWJGL Renderer Thread] [Level: INFO]El tiempo de pasteImage() es : 714 miliseg
[Time: 2012-12-29 21:13:01,549] [Thread: LWJGL Renderer Thread] [Level: INFO]El tiempo de coloringImage() es :1405 miliseg
[Time: 2012-12-29 21:13:02,521] [Thread: LWJGL Renderer Thread] [Level: INFO]El tiempo de pasteImage() es : 518 miliseg
[Time: 2012-12-29 21:15:39,245] [Thread: LWJGL Renderer Thread] [Level: INFO]El tiempo de coloringImage() es :2238 miliseg
[Time: 2012-12-29 21:15:41,159] [Thread: LWJGL Renderer Thread] [Level: INFO]El tiempo de pasteImage() es : 904 miliseg
[Time: 2012-12-29 21:15:43,289] [Thread: LWJGL Renderer Thread] [Level: INFO]El tiempo de coloringImage() es :2093 miliseg
[Time: 2012-12-29 21:15:44,621] [Thread: LWJGL Renderer Thread] [Level: INFO]El tiempo de pasteImage() es : 740 miliseg
[Time: 2012-12-29 21:15:46,178] [Thread: LWJGL Renderer Thread] [Level: INFO]El tiempo de coloringImage() es :1367 miliseg
[Time: 2012-12-29 21:15:47,173] [Thread: LWJGL Renderer Thread] [Level: INFO]El tiempo de pasteImage() es : 523 miliseg
[Time: 2012-12-30 13:55:11,144] [Thread: LWJGL Renderer Thread] [Level: INFO]El tiempo de coloringImage() es :741 miliseg
[Time: 2012-12-30 13:55:11,804] [Thread: LWJGL Renderer Thread] [Level: INFO]El tiempo de pasteImage() es : 234 miliseg
[Time: 2012-12-30 13:55:12,392] [Thread: LWJGL Renderer Thread] [Level: INFO]El tiempo de coloringImage() es :572 miliseg
[Time: 2012-12-30 13:55:12,722] [Thread: LWJGL Renderer Thread] [Level: INFO]El tiempo de pasteImage() es : 180 miliseg
[Time: 2012-12-30 13:55:13,519] [Thread: LWJGL Renderer Thread] [Level: INFO]El tiempo de coloringImage() es :715 miliseg
[Time: 2012-12-30 13:55:13,815] [Thread: LWJGL Renderer Thread] [Level: INFO]El tiempo de pasteImage() es : 163 miliseg
[Time: 2012-12-30 13:55:33,912] [Thread: LWJGL Renderer Thread] [Level: INFO]El tiempo de coloringImage() es :776 miliseg
[Time: 2012-12-30 13:55:34,236] [Thread: LWJGL Renderer Thread] [Level: INFO]El tiempo de pasteImage() es : 188 miliseg
[Time: 2012-12-30 13:55:39,555] [Thread: AWT-EventQueue-0] [Level: INFO]El tiempo de coloringImage() es :582 miliseg
[Time: 2012-12-30 13:55:40,154] [Thread: AWT-EventQueue-0] [Level: INFO]El tiempo de pasteImage() es : 246 miliseg
[Time: 2012-12-30 13:55:51,378] [Thread: LWJGL Renderer Thread] [Level: INFO]El tiempo de coloringImage() es :536 miliseg
[Time: 2012-12-30 13:55:51,704] [Thread: LWJGL Renderer Thread] [Level: INFO]El tiempo de pasteImage() es : 180 miliseg
[Time: 2012-12-30 13:55:57,384] [Thread: LWJGL Renderer Thread] [Level: INFO]El tiempo de coloringImage() es :552 miliseg
[Time: 2012-12-30 13:55:57,695] [Thread: LWJGL Renderer Thread] [Level: INFO]El tiempo de pasteImage() es : 175 miliseg
[Time: 2012-12-30 13:56:01,086] [Thread: LWJGL Renderer Thread] [Level: INFO]El tiempo de coloringImage() es :496 miliseg
[Time: 2012-12-30 13:56:01,413] [Thread: LWJGL Renderer Thread] [Level: INFO]El tiempo de pasteImage() es : 168 miliseg
[Time: 2012-12-30 13:56:05,757] [Thread: LWJGL Renderer Thread] [Level: INFO]El tiempo de coloringImage() es :507 miliseg
[Time: 2012-12-30 13:56:06,079] [Thread: LWJGL Renderer Thread] [Level: INFO]El tiempo de pasteImage() es : 178 miliseg
[Time: 2012-12-30 16:49:24,082] [Thread: LWJGL Renderer Thread] [Level: INFO]El tiempo de coloringImage() es :1307 miliseg
[Time: 2012-12-30 16:49:25,233] [Thread: LWJGL Renderer Thread] [Level: INFO]El tiempo de pasteImage() es : 458 miliseg
[Time: 2012-12-30 16:49:26,378] [Thread: LWJGL Renderer Thread] [Level: INFO]El tiempo de coloringImage() es :1062 miliseg
[Time: 2012-12-30 16:49:27,031] [Thread: LWJGL Renderer Thread] [Level: INFO]El tiempo de pasteImage() es : 359 miliseg
[Time: 2012-12-30 16:49:28,029] [Thread: LWJGL Renderer Thread] [Level: INFO]El tiempo de coloringImage() es :905 miliseg
[Time: 2012-12-30 16:49:28,525] [Thread: LWJGL Renderer Thread] [Level: INFO]El tiempo de pasteImage() es : 266 miliseg
[Time: 2012-12-30 16:50:13,324] [Thread: LWJGL Renderer Thread] [Level: INFO]El tiempo de coloringImage() es :1313 miliseg
[Time: 2012-12-30 16:50:14,451] [Thread: LWJGL Renderer Thread] [Level: INFO]El tiempo de pasteImage() es : 523 miliseg
[Time: 2012-12-30 16:50:15,586] [Thread: LWJGL Renderer Thread] [Level: INFO]El tiempo de coloringImage() es :1079 miliseg
[Time: 2012-12-30 16:50:16,305] [Thread: LWJGL Renderer Thread] [Level: INFO]El tiempo de pasteImage() es : 382 miliseg
[Time: 2012-12-30 16:50:17,309] [Thread: LWJGL Renderer Thread] [Level: INFO]El tiempo de coloringImage() es :917 miliseg
[Time: 2012-12-30 16:50:17,822] [Thread: LWJGL Renderer Thread] [Level: INFO]El tiempo de pasteImage() es : 266 miliseg
[Time: 2012-12-30 16:54:29,556] [Thread: LWJGL Renderer Thread] [Level: INFO]El tiempo de coloringImage() es :1402 miliseg
[Time: 2012-12-30 16:54:30,636] [Thread: LWJGL Renderer Thread] [Level: INFO]El tiempo de pasteImage() es : 505 miliseg
[Time: 2012-12-30 16:54:31,544] [Thread: LWJGL Renderer Thread] [Level: INFO]El tiempo de coloringImage() es :882 miliseg
[Time: 2012-12-30 16:54:32,220] [Thread: LWJGL Renderer Thread] [Level: INFO]El tiempo de pasteImage() es : 383 miliseg
[Time: 2012-12-30 16:54:33,398] [Thread: LWJGL Renderer Thread] [Level: INFO]El tiempo de coloringImage() es :1086 miliseg
[Time: 2012-12-30 16:54:33,909] [Thread: LWJGL Renderer Thread] [Level: INFO]El tiempo de pasteImage() es : 277 miliseg
[Time: 2012-12-30 16:55:24,443] [Thread: LWJGL Renderer Thread] [Level: INFO]El tiempo de coloringImage() es :1306 miliseg
[Time: 2012-12-30 16:55:25,598] [Thread: LWJGL Renderer Thread] [Level: INFO]El tiempo de pasteImage() es : 480 miliseg
[Time: 2012-12-30 16:55:26,757] [Thread: LWJGL Renderer Thread] [Level: INFO]El tiempo de coloringImage() es :1103 miliseg
[Time: 2012-12-30 16:55:27,425] [Thread: LWJGL Renderer Thread] [Level: INFO]El tiempo de pasteImage() es : 372 miliseg
[Time: 2012-12-30 16:55:28,347] [Thread: LWJGL Renderer Thread] [Level: INFO]El tiempo de coloringImage() es :831 miliseg
[Time: 2012-12-30 16:55:28,831] [Thread: LWJGL Renderer Thread] [Level: INFO]El tiempo de pasteImage() es : 259 miliseg
[Time: 2012-12-30 17:04:11,535] [Thread: LWJGL Renderer Thread] [Level: INFO]El tiempo de coloringImage() es :1273 miliseg
[Time: 2012-12-30 17:04:12,686] [Thread: LWJGL Renderer Thread] [Level: INFO]El tiempo de pasteImage() es : 511 miliseg
[Time: 2012-12-30 17:04:13,761] [Thread: LWJGL Renderer Thread] [Level: INFO]El tiempo de coloringImage() es :1026 miliseg
[Time: 2012-12-30 17:04:14,398] [Thread: LWJGL Renderer Thread] [Level: INFO]El tiempo de pasteImage() es : 348 miliseg
[Time: 2012-12-30 17:04:15,391] [Thread: LWJGL Renderer Thread] [Level: INFO]El tiempo de coloringImage() es :905 miliseg
[Time: 2012-12-30 17:04:15,878] [Thread: LWJGL Renderer Thread] [Level: INFO]El tiempo de pasteImage() es : 255 miliseg
[Time: 2012-12-30 17:24:52,936] [Thread: LWJGL Renderer Thread] [Level: INFO]El tiempo de coloringImage() es :1354 miliseg
[Time: 2012-12-30 17:24:54,114] [Thread: LWJGL Renderer Thread] [Level: INFO]El tiempo de pasteImage() es : 481 miliseg
[Time: 2012-12-30 17:24:55,297] [Thread: LWJGL Renderer Thread] [Level: INFO]El tiempo de coloringImage() es :1117 miliseg
[Time: 2012-12-30 17:24:55,948] [Thread: LWJGL Renderer Thread] [Level: INFO]El tiempo de pasteImage() es : 377 miliseg
[Time: 2012-12-30 17:24:56,889] [Thread: LWJGL Renderer Thread] [Level: INFO]El tiempo de coloringImage() es :841 miliseg
[Time: 2012-12-30 17:24:57,374] [Thread: LWJGL Renderer Thread] [Level: INFO]El tiempo de pasteImage() es : 257 miliseg
[Time: 2012-12-30 17:32:03,387] [Thread: LWJGL Renderer Thread] [Level: INFO]El tiempo de coloringImage() es :2404 miliseg
[Time: 2012-12-30 17:32:05,537] [Thread: LWJGL Renderer Thread] [Level: INFO]El tiempo de pasteImage() es : 1022 miliseg
[Time: 2012-12-30 17:32:07,679] [Thread: LWJGL Renderer Thread] [Level: INFO]El tiempo de coloringImage() es :2107 miliseg
[Time: 2012-12-30 17:32:09,081] [Thread: LWJGL Renderer Thread] [Level: INFO]El tiempo de pasteImage() es : 761 miliseg
[Time: 2012-12-30 17:32:10,740] [Thread: LWJGL Renderer Thread] [Level: INFO]El tiempo de coloringImage() es :1477 miliseg
[Time: 2012-12-30 17:32:11,795] [Thread: LWJGL Renderer Thread] [Level: INFO]El tiempo de pasteImage() es : 536 miliseg
[Time: 2012-12-30 17:34:31,036] [Thread: LWJGL Renderer Thread] [Level: INFO]El tiempo de coloringImage() es :2296 miliseg
[Time: 2012-12-30 17:34:33,094] [Thread: LWJGL Renderer Thread] [Level: INFO]El tiempo de pasteImage() es : 912 miliseg
[Time: 2012-12-30 17:34:35,186] [Thread: LWJGL Renderer Thread] [Level: INFO]El tiempo de coloringImage() es :1965 miliseg
[Time: 2012-12-30 17:34:36,485] [Thread: LWJGL Renderer Thread] [Level: INFO]El tiempo de pasteImage() es : 717 miliseg
[Time: 2012-12-30 17:34:37,993] [Thread: LWJGL Renderer Thread] [Level: INFO]El tiempo de coloringImage() es :1338 miliseg
[Time: 2012-12-30 17:34:38,962] [Thread: LWJGL Renderer Thread] [Level: INFO]El tiempo de pasteImage() es : 505 miliseg
[Time: 2012-12-30 17:35:32,393] [Thread: LWJGL Renderer Thread] [Level: INFO]El tiempo de coloringImage() es :2300 miliseg
[Time: 2012-12-30 17:35:34,317] [Thread: LWJGL Renderer Thread] [Level: INFO]El tiempo de pasteImage() es : 861 miliseg
[Time: 2012-12-30 17:35:36,369] [Thread: LWJGL Renderer Thread] [Level: INFO]El tiempo de coloringImage() es :2017 miliseg
[Time: 2012-12-30 17:35:37,673] [Thread: LWJGL Renderer Thread] [Level: INFO]El tiempo de pasteImage() es : 742 miliseg
[Time: 2012-12-30 17:35:39,309] [Thread: LWJGL Renderer Thread] [Level: INFO]El tiempo de coloringImage() es :1459 miliseg
[Time: 2012-12-30 17:35:40,325] [Thread: LWJGL Renderer Thread] [Level: INFO]El tiempo de pasteImage() es : 525 miliseg
[Time: 2012-12-30 17:38:01,181] [Thread: LWJGL Renderer Thread] [Level: INFO]El tiempo de coloringImage() es :1303 miliseg
[Time: 2012-12-30 17:38:02,237] [Thread: LWJGL Renderer Thread] [Level: INFO]El tiempo de pasteImage() es : 512 miliseg
[Time: 2012-12-30 17:38:03,374] [Thread: LWJGL Renderer Thread] [Level: INFO]El tiempo de coloringImage() es :1118 miliseg
[Time: 2012-12-30 17:38:04,041] [Thread: LWJGL Renderer Thread] [Level: INFO]El tiempo de pasteImage() es : 373 miliseg
[Time: 2012-12-30 17:38:04,969] [Thread: LWJGL Renderer Thread] [Level: INFO]El tiempo de coloringImage() es :836 miliseg
[Time: 2012-12-30 17:38:05,465] [Thread: LWJGL Renderer Thread] [Level: INFO]El tiempo de pasteImage() es : 258 miliseg
[Time: 2012-12-30 17:38:55,276] [Thread: LWJGL Renderer Thread] [Level: INFO]El tiempo de coloringImage() es :2320 miliseg
[Time: 2012-12-30 17:38:57,210] [Thread: LWJGL Renderer Thread] [Level: INFO]El tiempo de pasteImage() es : 845 miliseg
[Time: 2012-12-30 17:38:59,210] [Thread: LWJGL Renderer Thread] [Level: INFO]El tiempo de coloringImage() es :1964 miliseg
[Time: 2012-12-30 17:39:00,508] [Thread: LWJGL Renderer Thread] [Level: INFO]El tiempo de pasteImage() es : 733 miliseg
[Time: 2012-12-30 17:39:02,127] [Thread: LWJGL Renderer Thread] [Level: INFO]El tiempo de coloringImage() es :1441 miliseg
[Time: 2012-12-30 17:39:03,125] [Thread: LWJGL Renderer Thread] [Level: INFO]El tiempo de pasteImage() es : 518 miliseg
[Time: 2012-12-30 17:44:01,718] [Thread: LWJGL Renderer Thread] [Level: INFO]El tiempo de coloringImage() es :2064 miliseg
[Time: 2012-12-30 17:44:03,648] [Thread: LWJGL Renderer Thread] [Level: INFO]El tiempo de pasteImage() es : 929 miliseg
[Time: 2012-12-30 17:44:05,294] [Thread: LWJGL Renderer Thread] [Level: INFO]El tiempo de coloringImage() es :1545 miliseg
[Time: 2012-12-30 17:44:06,552] [Thread: LWJGL Renderer Thread] [Level: INFO]El tiempo de pasteImage() es : 714 miliseg
[Time: 2012-12-30 17:44:08,477] [Thread: LWJGL Renderer Thread] [Level: INFO]El tiempo de coloringImage() es :1287 miliseg
[Time: 2012-12-30 17:44:09,448] [Thread: LWJGL Renderer Thread] [Level: INFO]El tiempo de pasteImage() es : 510 miliseg
[Time: 2012-12-30 17:45:15,712] [Thread: LWJGL Renderer Thread] [Level: INFO]El tiempo de coloringImage() es :2464 miliseg
[Time: 2012-12-30 17:45:18,148] [Thread: LWJGL Renderer Thread] [Level: INFO]El tiempo de pasteImage() es : 1306 miliseg
[Time: 2012-12-30 17:45:20,109] [Thread: LWJGL Renderer Thread] [Level: INFO]El tiempo de coloringImage() es :1926 miliseg
[Time: 2012-12-30 17:45:21,360] [Thread: LWJGL Renderer Thread] [Level: INFO]El tiempo de pasteImage() es : 713 miliseg
[Time: 2012-12-30 17:45:22,880] [Thread: LWJGL Renderer Thread] [Level: INFO]El tiempo de coloringImage() es :1349 miliseg
[Time: 2012-12-30 17:45:23,875] [Thread: LWJGL Renderer Thread] [Level: INFO]El tiempo de pasteImage() es : 508 miliseg
[Time: 2012-12-30 17:47:40,523] [Thread: LWJGL Renderer Thread] [Level: INFO]El tiempo de coloringImage() es :2259 miliseg
[Time: 2012-12-30 17:47:42,667] [Thread: LWJGL Renderer Thread] [Level: INFO]El tiempo de pasteImage() es : 936 miliseg
[Time: 2012-12-30 17:47:44,633] [Thread: LWJGL Renderer Thread] [Level: INFO]El tiempo de coloringImage() es :1930 miliseg
[Time: 2012-12-30 17:47:45,912] [Thread: LWJGL Renderer Thread] [Level: INFO]El tiempo de pasteImage() es : 706 miliseg
[Time: 2012-12-30 17:47:47,528] [Thread: LWJGL Renderer Thread] [Level: INFO]El tiempo de coloringImage() es :1446 miliseg
[Time: 2012-12-30 17:47:48,526] [Thread: LWJGL Renderer Thread] [Level: INFO]El tiempo de pasteImage() es : 522 miliseg
[Time: 2012-12-30 18:08:44,441] [Thread: LWJGL Renderer Thread] [Level: INFO]El tiempo de coloringImage() es :2243 miliseg
[Time: 2012-12-30 18:08:46,629] [Thread: LWJGL Renderer Thread] [Level: INFO]El tiempo de pasteImage() es : 1052 miliseg
[Time: 2012-12-30 18:08:48,152] [Thread: LWJGL Renderer Thread] [Level: INFO]El tiempo de coloringImage() es :1482 miliseg
[Time: 2012-12-30 18:08:49,359] [Thread: LWJGL Renderer Thread] [Level: INFO]El tiempo de pasteImage() es : 682 miliseg
[Time: 2012-12-30 18:08:51,330] [Thread: LWJGL Renderer Thread] [Level: INFO]El tiempo de coloringImage() es :1803 miliseg
[Time: 2012-12-30 18:08:52,332] [Thread: LWJGL Renderer Thread] [Level: INFO]El tiempo de pasteImage() es : 530 miliseg
[Time: 2012-12-30 18:11:09,430] [Thread: LWJGL Renderer Thread] [Level: INFO]El tiempo de coloringImage() es :2224 miliseg
[Time: 2012-12-30 18:11:11,940] [Thread: LWJGL Renderer Thread] [Level: INFO]El tiempo de pasteImage() es : 1094 miliseg
[Time: 2012-12-30 18:11:13,863] [Thread: LWJGL Renderer Thread] [Level: INFO]El tiempo de coloringImage() es :1852 miliseg
[Time: 2012-12-30 18:11:15,106] [Thread: LWJGL Renderer Thread] [Level: INFO]El tiempo de pasteImage() es : 707 miliseg
[Time: 2012-12-30 18:11:16,628] [Thread: LWJGL Renderer Thread] [Level: INFO]El tiempo de coloringImage() es :1369 miliseg
[Time: 2012-12-30 18:11:17,576] [Thread: LWJGL Renderer Thread] [Level: INFO]El tiempo de pasteImage() es : 505 miliseg
[Time: 2012-12-30 18:12:03,595] [Thread: LWJGL Renderer Thread] [Level: INFO]El tiempo de coloringImage() es :1647 miliseg
[Time: 2012-12-30 18:12:04,871] [Thread: LWJGL Renderer Thread] [Level: INFO]El tiempo de pasteImage() es : 713 miliseg
[Time: 2012-12-30 18:12:10,472] [Thread: LWJGL Renderer Thread] [Level: INFO]El tiempo de coloringImage() es :1578 miliseg
[Time: 2012-12-30 18:12:11,623] [Thread: LWJGL Renderer Thread] [Level: INFO]El tiempo de pasteImage() es : 644 miliseg
[Time: 2012-12-30 18:15:17,504] [Thread: LWJGL Renderer Thread] [Level: INFO]El tiempo de coloringImage() es :2338 miliseg
[Time: 2012-12-30 18:15:19,561] [Thread: LWJGL Renderer Thread] [Level: INFO]El tiempo de pasteImage() es : 931 miliseg
[Time: 2012-12-30 18:15:21,614] [Thread: LWJGL Renderer Thread] [Level: INFO]El tiempo de coloringImage() es :1950 miliseg
[Time: 2012-12-30 18:15:22,969] [Thread: LWJGL Renderer Thread] [Level: INFO]El tiempo de pasteImage() es : 741 miliseg
[Time: 2012-12-30 18:15:24,612] [Thread: LWJGL Renderer Thread] [Level: INFO]El tiempo de coloringImage() es :1445 miliseg
[Time: 2012-12-30 18:15:25,656] [Thread: LWJGL Renderer Thread] [Level: INFO]El tiempo de pasteImage() es : 567 miliseg
[Time: 2012-12-30 18:17:20,669] [Thread: LWJGL Renderer Thread] [Level: INFO]El tiempo de coloringImage() es :2328 miliseg
[Time: 2012-12-30 18:17:22,725] [Thread: LWJGL Renderer Thread] [Level: INFO]El tiempo de pasteImage() es : 929 miliseg
[Time: 2012-12-30 18:17:24,705] [Thread: LWJGL Renderer Thread] [Level: INFO]El tiempo de coloringImage() es :1945 miliseg
[Time: 2012-12-30 18:17:26,013] [Thread: LWJGL Renderer Thread] [Level: INFO]El tiempo de pasteImage() es : 741 miliseg
[Time: 2012-12-30 18:17:27,552] [Thread: LWJGL Renderer Thread] [Level: INFO]El tiempo de coloringImage() es :1355 miliseg
[Time: 2012-12-30 18:17:28,551] [Thread: LWJGL Renderer Thread] [Level: INFO]El tiempo de pasteImage() es : 526 miliseg
[Time: 2012-12-30 18:27:01,234] [Thread: LWJGL Renderer Thread] [Level: INFO]El tiempo de coloringImage() es :2270 miliseg
[Time: 2012-12-30 18:27:03,250] [Thread: LWJGL Renderer Thread] [Level: INFO]El tiempo de pasteImage() es : 890 miliseg
[Time: 2012-12-30 18:27:05,267] [Thread: LWJGL Renderer Thread] [Level: INFO]El tiempo de coloringImage() es :1915 miliseg
[Time: 2012-12-30 18:27:06,590] [Thread: LWJGL Renderer Thread] [Level: INFO]El tiempo de pasteImage() es : 720 miliseg
[Time: 2012-12-30 18:27:08,116] [Thread: LWJGL Renderer Thread] [Level: INFO]El tiempo de coloringImage() es :1336 miliseg
[Time: 2012-12-30 18:27:09,107] [Thread: LWJGL Renderer Thread] [Level: INFO]El tiempo de pasteImage() es : 512 miliseg
[Time: 2012-12-30 18:28:19,508] [Thread: LWJGL Renderer Thread] [Level: INFO]El tiempo de coloringImage() es :2632 miliseg
[Time: 2012-12-30 18:28:21,883] [Thread: LWJGL Renderer Thread] [Level: INFO]El tiempo de pasteImage() es : 990 miliseg
[Time: 2012-12-30 18:28:23,986] [Thread: LWJGL Renderer Thread] [Level: INFO]El tiempo de coloringImage() es :2005 miliseg
[Time: 2012-12-30 18:28:25,291] [Thread: LWJGL Renderer Thread] [Level: INFO]El tiempo de pasteImage() es : 718 miliseg
[Time: 2012-12-30 18:28:27,213] [Thread: LWJGL Renderer Thread] [Level: INFO]El tiempo de coloringImage() es :1742 miliseg
[Time: 2012-12-30 18:28:28,276] [Thread: LWJGL Renderer Thread] [Level: INFO]El tiempo de pasteImage() es : 569 miliseg
[Time: 2012-12-30 18:30:06,720] [Thread: LWJGL Renderer Thread] [Level: INFO]El tiempo de coloringImage() es :1195 miliseg
[Time: 2012-12-30 18:30:08,043] [Thread: LWJGL Renderer Thread] [Level: INFO]El tiempo de pasteImage() es : 758 miliseg
[Time: 2012-12-30 18:34:34,759] [Thread: LWJGL Renderer Thread] [Level: INFO]El tiempo de coloringImage() es :2346 miliseg
[Time: 2012-12-30 18:34:36,900] [Thread: LWJGL Renderer Thread] [Level: INFO]El tiempo de pasteImage() es : 1007 miliseg
[Time: 2012-12-30 18:34:38,897] [Thread: LWJGL Renderer Thread] [Level: INFO]El tiempo de coloringImage() es :1959 miliseg
[Time: 2012-12-30 18:34:40,187] [Thread: LWJGL Renderer Thread] [Level: INFO]El tiempo de pasteImage() es : 735 miliseg
[Time: 2012-12-30 18:34:41,732] [Thread: LWJGL Renderer Thread] [Level: INFO]El tiempo de coloringImage() es :1351 miliseg
[Time: 2012-12-30 18:34:42,745] [Thread: LWJGL Renderer Thread] [Level: INFO]El tiempo de pasteImage() es : 529 miliseg
[Time: 2012-12-30 18:37:48,212] [Thread: LWJGL Renderer Thread] [Level: INFO]El tiempo de coloringImage() es :2264 miliseg
[Time: 2012-12-30 18:37:50,372] [Thread: LWJGL Renderer Thread] [Level: INFO]El tiempo de pasteImage() es : 1012 miliseg
[Time: 2012-12-30 18:37:52,051] [Thread: LWJGL Renderer Thread] [Level: INFO]El tiempo de coloringImage() es :1634 miliseg
[Time: 2012-12-30 18:37:53,343] [Thread: LWJGL Renderer Thread] [Level: INFO]El tiempo de pasteImage() es : 743 miliseg
[Time: 2012-12-30 18:37:55,394] [Thread: LWJGL Renderer Thread] [Level: INFO]El tiempo de coloringImage() es :1883 miliseg
[Time: 2012-12-30 18:37:56,389] [Thread: LWJGL Renderer Thread] [Level: INFO]El tiempo de pasteImage() es : 518 miliseg
